This is pdfTeX, Version 3.14159265-2.6-1.40.20 (TeX Live 2019) (preloaded format=pdflatex 2021.9.17)  18 OCT 2021 21:14
entering extended mode
 restricted \write18 enabled.
 %&-line parsing enabled.
**paper.tex
(./paper.tex
LaTeX2e <2018-12-01>
(./aastex631.cls
Document Class: aastex631 2020/12/20 Version 6.3.1d/AAS markup document class
Class aastex Info: 
 
 Original \LaTeX2.09 style by Chris Biemesderfer (chris@seagoat.com). 
 Adapted to \LaTeXe by A. Ogawa (ogawa@teleport.com)
 emulateapj.cls included, Copyright 2000-2015 Alexey Vikhlinin 
 Rewrite and update of emulateapj.cls, revised and enhanced with table macros, 
gridlines, draft watermark,
 track changes, new `modern' style and much more, by Amy Hendrickson,
 (amyh@texnology.com, http://www.texnology.com) 
 
  on input line 106.
\bibbaselineskip=\skip41
(/usr/local/texlive/2019/texmf-dist/tex/latex/revtex/revtex4-1.cls
Document Class: revtex4-1 2010/07/25/20:33:00 4.1r (http://publish.aps.org/revt
ex4/ for documentation)
 Copyright (c) 2009 The American Physical Society.
 mailto:revtex@aps.org
 Licensed under the LPPL:
http://www.ctan.org/tex-archive/macros/latex/base/lppl.txt
 Arthur Ogawa <arthur_ogawa at sbcglobal dot net>
 Based on work by David Carlisle <david at dcarlisle.demon.co.uk>.
ltxutil[2010/07/25/20:33:00 4.1r utilities package (portions licensed from W. E
. Baxter web at superscript.com)]
LaTeX Info: Redefining \@centercr on input line 308.
Class revtex4-1 Info: Repairing broken LaTeX eqnarray on input line 358.
\eqncolsep=\skip42
Class revtex4-1 Info: Repairing hyperref-unfriendly LaTeX definition of \mpfoot
note on input line 433.
Class revtex4-1 Info: Repairing broken LateX \@sect on input line 755.
\intertabularlinepenalty=\count80
\@tbpen=\count81
\@arstrutbox@hline=\box27
Class revtex4-1 Info: Repairing broken LaTeX \@xbitor on input line 1786.
Class revtex4-1 Info: Making \typeout \long on input line 2046.
ltxfront[2010/07/25/20:33:00 4.1r frontmatter package (AO,DPC)]
\c@affil=\count82
\c@collab=\count83
\absbox=\box28
ltxgrid[2010/07/25/20:33:00 4.1r page grid package (portions licensed from W. E
. Baxter web at superscript.com)]
\c@linecount=\count84
\output@latex=\toks14
\box@size@1=\box29
\box@size@2=\box30
\@protection@box=\box31
\@topmark@saved=\toks15
\footins@saved=\box32
\footins@recovered=\box33
\column@recovered=\box34
\pagesofar=\box35
\footsofar=\box36
\pagegrid@col=\count85
Class revtex4-1 Info: Overriding \@vspace, \@vspacer, \@no@pgbk, \@newline, and
 \\  on input line 5578.
\c@part=\count86
\c@section=\count87
\c@subsection=\count88
\c@subsubsection=\count89
\c@paragraph=\count90
\c@subparagraph=\count91
\abovecaptionskip=\skip43
\belowcaptionskip=\skip44
\c@figure=\count92
\fbox@1=\box37
\c@table=\count93
\fbox@2=\box38
\c@video=\count94
\fbox@4=\box39
\@bibdataout=\write3
\widetext@top=\box40
\widetext@bot=\box41
Class revtex4-1 Info: Selecting society aps on input line 7542.
(/usr/local/texlive/2019/texmf-dist/tex/latex/revtex/aps4-1.rtx
File: aps4-1 2010/07/25/20:33:00 4.1r (http://publish.aps.org/revtex4/ for docu
mentation)
Class revtex4-1 Info: RevTeX society APS selected on input line 31.
)
Class revtex4-1 Info: Selecting journal pra on input line 7544.
Class revtex4-1 Info: APS journal PRA selected on input line 7545.

(/usr/local/texlive/2019/texmf-dist/tex/latex/revtex/aps10pt4-1.rtx
File: aps10pt4-1 2010/07/25/20:33:00 4.1r (http://publish.aps.org/revtex4/ for 
documentation)
Class revtex4-1 Info: RevTeX pointsize 10pt selected on input line 30.
)
(/usr/local/texlive/2019/texmf-dist/tex/latex/textcase/textcase.sty
Package: textcase 2004/10/07 v0.07 Text only upper/lower case changing (DPC)
)
(/usr/local/texlive/2019/texmf-dist/tex/latex/url/url.sty
\Urlmuskip=\muskip10
Package: url 2013/09/16  ver 3.4  Verb mode for urls, etc.
)
(/usr/local/texlive/2019/texmf-dist/tex/latex/natbib/natbib.sty
Package: natbib 2010/09/13 8.31b (PWD, AO)
\bibhang=\skip45
\bibsep=\skip46
LaTeX Info: Redefining \cite on input line 694.
\c@NAT@ctr=\count95
)
Class revtex4-1 Info: Repairing natbib's \BibitemShut on input line 7549.

(/usr/local/texlive/2019/texmf-dist/tex/latex/revtex/revsymb4-1.sty
Package: revsymb4-1 2010/07/25/20:33:00 4.1r (http://publish.aps.org/revtex4/ f
or documentation)
LaTeX Info: Redefining \REV@mathfrak on input line 119.
))
(/usr/local/texlive/2019/texmf-dist/tex/latex/base/latexsym.sty
Package: latexsym 1998/08/17 v2.2e Standard LaTeX package (lasy symbols)
\symlasy=\mathgroup4
LaTeX Font Info:    Overwriting symbol font `lasy' in version `bold'
(Font)                  U/lasy/m/n --> U/lasy/b/n on input line 52.
)
(/usr/local/texlive/2019/texmf-dist/tex/latex/graphics/graphicx.sty
Package: graphicx 2017/06/01 v1.1a Enhanced LaTeX Graphics (DPC,SPQR)

(/usr/local/texlive/2019/texmf-dist/tex/latex/graphics/keyval.sty
Package: keyval 2014/10/28 v1.15 key=value parser (DPC)
\KV@toks@=\toks16
)
(/usr/local/texlive/2019/texmf-dist/tex/latex/graphics/graphics.sty
Package: graphics 2017/06/25 v1.2c Standard LaTeX Graphics (DPC,SPQR)

(/usr/local/texlive/2019/texmf-dist/tex/latex/graphics/trig.sty
Package: trig 2016/01/03 v1.10 sin cos tan (DPC)
)
(/usr/local/texlive/2019/texmf-dist/tex/latex/graphics-cfg/graphics.cfg
File: graphics.cfg 2016/06/04 v1.11 sample graphics configuration
)
Package graphics Info: Driver file: pdftex.def on input line 99.

(/usr/local/texlive/2019/texmf-dist/tex/latex/graphics-def/pdftex.def
File: pdftex.def 2018/01/08 v1.0l Graphics/color driver for pdftex
))
\Gin@req@height=\dimen102
\Gin@req@width=\dimen103
)
(/usr/local/texlive/2019/texmf-dist/tex/latex/amsfonts/amssymb.sty
Package: amssymb 2013/01/14 v3.01 AMS font symbols

(/usr/local/texlive/2019/texmf-dist/tex/latex/amsfonts/amsfonts.sty
Package: amsfonts 2013/01/14 v3.01 Basic AMSFonts support
\@emptytoks=\toks17
\symAMSa=\mathgroup5
\symAMSb=\mathgroup6
LaTeX Font Info:    Overwriting math alphabet `\mathfrak' in version `bold'
(Font)                  U/euf/m/n --> U/euf/b/n on input line 106.
LaTeX Info: Redefining \frak on input line 111.
LaTeX Info: Redefining \Bbb on input line 113.
))
(/usr/local/texlive/2019/texmf-dist/tex/generic/epsf/epsf.sty
This is `epsf.tex' v2.7.4 <14 February 2011>
\epsffilein=\read1
\epsfframemargin=\dimen104
\epsfframethickness=\dimen105
\epsfrsize=\dimen106
\epsftmp=\dimen107
\epsftsize=\dimen108
\epsfxsize=\dimen109
\epsfysize=\dimen110
\pspoints=\dimen111
)
\rptnum=\count96
\rptloopnum=\count97
\fncount=\count98
\endfncount=\count99
\c@front@matter@foot@note=\count100
\keys@width=\skip47
\c@lastfootnote=\count101
\tempsectnum=\count102
\ackbox=\box42
\c@remember@figure@num=\count103
\c@remember@table@num=\count104
\bibskip=\skip48
\bibindent=\dimen112
\plot@width=\skip49
\c@table@save=\count105
\@abovenoteskip=\dimen113
\table@note@skip=\skip50
\deluxe@table@width=\skip51
\@d@t@a=\skip52
\c@deluxe@table@num=\count106
\LTcapwidth=\dimen114
\abovedeluxetableskip=\skip53
\belowdeluxetableskip=\skip54
\lastrowheight=\dimen115
\DT@p@ftn=\toks18
\pt@column=\count107
\pt@ncol=\count108
 (/usr/local/texlive/2019/texmf-dist/tex/latex/tools/longtable.sty
Package: longtable 2014/10/28 v4.11 Multi-page Table package (DPC)+ FMi change
\LTleft=\skip55
\LTright=\skip56
\LTpre=\skip57
\LTpost=\skip58
\LTchunksize=\count109
\LTcapwidth=\dimen116
\LT@head=\box43
\LT@firsthead=\box44
\LT@foot=\box45
\LT@lastfoot=\box46
\LT@cols=\count110
\LT@rows=\count111
\c@LT@tables=\count112
\c@LT@chunks=\count113
\LT@p@ftn=\toks19
)
(/usr/local/texlive/2019/texmf-dist/tex/latex/xcolor/xcolor.sty
Package: xcolor 2016/05/11 v2.12 LaTeX color extensions (UK)

(/usr/local/texlive/2019/texmf-dist/tex/latex/graphics-cfg/color.cfg
File: color.cfg 2016/01/02 v1.6 sample color configuration
)
Package xcolor Info: Driver file: pdftex.def on input line 225.
Package xcolor Info: Model `cmy' substituted by `cmy0' on input line 1348.
Package xcolor Info: Model `hsb' substituted by `rgb' on input line 1352.
Package xcolor Info: Model `RGB' extended on input line 1364.
Package xcolor Info: Model `HTML' substituted by `rgb' on input line 1366.
Package xcolor Info: Model `Hsb' substituted by `hsb' on input line 1367.
Package xcolor Info: Model `tHsb' substituted by `hsb' on input line 1368.
Package xcolor Info: Model `HSB' substituted by `hsb' on input line 1369.
Package xcolor Info: Model `Gray' substituted by `gray' on input line 1370.
Package xcolor Info: Model `wave' substituted by `hsb' on input line 1371.
)
(/usr/local/texlive/2019/texmf-dist/tex/latex/hyperref/hyperref.sty
Package: hyperref 2018/11/30 v6.88e Hypertext links for LaTeX

(/usr/local/texlive/2019/texmf-dist/tex/generic/oberdiek/hobsub-hyperref.sty
Package: hobsub-hyperref 2016/05/16 v1.14 Bundle oberdiek, subset hyperref (HO)


(/usr/local/texlive/2019/texmf-dist/tex/generic/oberdiek/hobsub-generic.sty
Package: hobsub-generic 2016/05/16 v1.14 Bundle oberdiek, subset generic (HO)
Package: hobsub 2016/05/16 v1.14 Construct package bundles (HO)
Package: infwarerr 2016/05/16 v1.4 Providing info/warning/error messages (HO)
Package: ltxcmds 2016/05/16 v1.23 LaTeX kernel commands for general use (HO)
Package: ifluatex 2016/05/16 v1.4 Provides the ifluatex switch (HO)
Package ifluatex Info: LuaTeX not detected.
Package: ifvtex 2016/05/16 v1.6 Detect VTeX and its facilities (HO)
Package ifvtex Info: VTeX not detected.
Package: intcalc 2016/05/16 v1.2 Expandable calculations with integers (HO)
Package: ifpdf 2018/09/07 v3.3 Provides the ifpdf switch
Package: etexcmds 2016/05/16 v1.6 Avoid name clashes with e-TeX commands (HO)
Package: kvsetkeys 2016/05/16 v1.17 Key value parser (HO)
Package: kvdefinekeys 2016/05/16 v1.4 Define keys (HO)
Package: pdftexcmds 2018/09/10 v0.29 Utility functions of pdfTeX for LuaTeX (HO
)
Package pdftexcmds Info: LuaTeX not detected.
Package pdftexcmds Info: \pdf@primitive is available.
Package pdftexcmds Info: \pdf@ifprimitive is available.
Package pdftexcmds Info: \pdfdraftmode found.
Package: pdfescape 2016/05/16 v1.14 Implements pdfTeX's escape features (HO)
Package: bigintcalc 2016/05/16 v1.4 Expandable calculations on big integers (HO
)
Package: bitset 2016/05/16 v1.2 Handle bit-vector datatype (HO)
Package: uniquecounter 2016/05/16 v1.3 Provide unlimited unique counter (HO)
)
Package hobsub Info: Skipping package `hobsub' (already loaded).
Package: letltxmacro 2016/05/16 v1.5 Let assignment for LaTeX macros (HO)
Package: hopatch 2016/05/16 v1.3 Wrapper for package hooks (HO)
Package: xcolor-patch 2016/05/16 xcolor patch
Package: atveryend 2016/05/16 v1.9 Hooks at the very end of document (HO)
Package: atbegshi 2016/06/09 v1.18 At begin shipout hook (HO)
Package: refcount 2016/05/16 v3.5 Data extraction from label references (HO)
Package: hycolor 2016/05/16 v1.8 Color options for hyperref/bookmark (HO)
)
(/usr/local/texlive/2019/texmf-dist/tex/generic/ifxetex/ifxetex.sty
Package: ifxetex 2010/09/12 v0.6 Provides ifxetex conditional
)
(/usr/local/texlive/2019/texmf-dist/tex/latex/oberdiek/auxhook.sty
Package: auxhook 2016/05/16 v1.4 Hooks for auxiliary files (HO)
)
(/usr/local/texlive/2019/texmf-dist/tex/latex/oberdiek/kvoptions.sty
Package: kvoptions 2016/05/16 v3.12 Key value format for package options (HO)
)
\@linkdim=\dimen117
\Hy@linkcounter=\count114
\Hy@pagecounter=\count115

(/usr/local/texlive/2019/texmf-dist/tex/latex/hyperref/pd1enc.def
File: pd1enc.def 2018/11/30 v6.88e Hyperref: PDFDocEncoding definition (HO)
Now handling font encoding PD1 ...
... no UTF-8 mapping file for font encoding PD1
)
\Hy@SavedSpaceFactor=\count116

(/usr/local/texlive/2019/texmf-dist/tex/latex/latexconfig/hyperref.cfg
File: hyperref.cfg 2002/06/06 v1.2 hyperref configuration of TeXLive
)
Package hyperref Info: Option `bookmarks' set `true' on input line 4393.
Package hyperref Info: Option `pdfnewwindow' set `true' on input line 4393.
Package hyperref Info: Option `colorlinks' set `true' on input line 4393.
Package hyperref Info: Option `final' set `true' on input line 4393.
Package hyperref Info: Hyper figures OFF on input line 4519.
Package hyperref Info: Link nesting OFF on input line 4524.
Package hyperref Info: Hyper index ON on input line 4527.
Package hyperref Info: Plain pages OFF on input line 4534.
Package hyperref Info: Backreferencing OFF on input line 4539.
Package hyperref Info: Implicit mode ON; LaTeX internals redefined.
Package hyperref Info: Bookmarks ON on input line 4772.
LaTeX Info: Redefining \href on input line 5036.
\c@Hy@tempcnt=\count117
LaTeX Info: Redefining \url on input line 5125.
\XeTeXLinkMargin=\dimen118
\Fld@menulength=\count118
\Field@Width=\dimen119
\Fld@charsize=\dimen120
Package hyperref Info: Hyper figures OFF on input line 6380.
Package hyperref Info: Link nesting OFF on input line 6385.
Package hyperref Info: Hyper index ON on input line 6388.
Package hyperref Info: backreferencing OFF on input line 6395.
Package hyperref Info: Link coloring ON on input line 6398.
Package hyperref Info: Link coloring with OCG OFF on input line 6405.
Package hyperref Info: PDF/A mode OFF on input line 6410.
LaTeX Info: Redefining \ref on input line 6450.
LaTeX Info: Redefining \pageref on input line 6454.
\Hy@abspage=\count119
\c@Item=\count120
\c@Hfootnote=\count121
)
Package hyperref Info: Driver (autodetected): hpdftex.

(/usr/local/texlive/2019/texmf-dist/tex/latex/hyperref/hpdftex.def
File: hpdftex.def 2018/11/30 v6.88e Hyperref driver for pdfTeX
\Fld@listcount=\count122
\c@bookmark@seq@number=\count123

(/usr/local/texlive/2019/texmf-dist/tex/latex/oberdiek/rerunfilecheck.sty
Package: rerunfilecheck 2016/05/16 v1.8 Rerun checks for auxiliary files (HO)
Package uniquecounter Info: New unique counter `rerunfilecheck' on input line 2
82.
)
\Hy@SectionHShift=\skip59
)
(/usr/local/texlive/2019/texmf-dist/tex/latex/tools/array.sty
Package: array 2018/12/30 v2.4k Tabular extension package (FMi)
\col@sep=\dimen121
\ar@mcellbox=\box47
\extrarowheight=\dimen122
\NC@list=\toks20
\extratabsurround=\skip60
\backup@length=\skip61
\ar@cellbox=\box48
)
\colcount=\count124
\firstcolcount=\count125
\secondcolcount=\count126
\thirdcolcount=\count127
\columncount=\count128
\howmanyDs=\count129
\firsthowmanyDs=\count130
\secondhowmanyDs=\count131
\PartsOfTable=\count132
\columnoneandtwo=\count133
\colnumsused=\count134
\loopnum=\count135
\totalcolumncount=\count136
\totalcolumns=\count137
\firsttablebox=\box49
\secondtablebox=\box50
\thirdtablebox=\box51
\longtablebox=\box52
\splitbox=\box53
\movetabledown=\dimen123
\maxtablewidth=\dimen124
\savetabskip=\dimen125
\tempcounter=\count138
\colheadcount=\count139
\rotatetablebox=\box54
\colorcount=\count140
\editnum=\count141
\refchangenumber=\count142
\listchangenum=\count143

(/usr/local/texlive/2019/texmf-dist/tex/generic/ulem/ulem.sty
\UL@box=\box55
\UL@hyphenbox=\box56
\UL@skip=\skip62
\UL@hook=\toks21
\UL@height=\dimen126
\UL@pe=\count144
\UL@pixel=\dimen127
\ULC@box=\box57
Package: ulem 2012/05/18
\ULdepth=\dimen128
)
\entriesinthiscollab=\count145
\allentries=\count146
\AuthorCollaborationLimit=\count147
\largestAffilNum=\count148
\totalentries=\count149
\docollabnum=\count150
\tempauthornumber=\count151
\countauthors=\count152
\testnum=\count153
\tempauthorminusone=\count154
\affilnum=\count155
\c@affilcount=\count156
\numauthors=\count157
\collabnum=\count158
\collabnamebox=\box58
\widetext@top=\box59
\widetext@bot=\box60
\currwidth=\dimen129
\interactbox=\box61
\movetableright=\dimen130
)
Class revtex4-1 Info: Unrecognized array package. Please update this document c
lass! (Proceeding with fingers crossed.) on input line 170.
Class revtex4-1 Info: Patching unrecognized longtable package. (Proceeding with
 fingers crossed) on input line 170.
Class revtex4-1 Info: Robustifying \LaTeX's \boldmath command on input line 170
.
Class revtex4-1 Info: cite was not loaded (OK!) on input line 170.
Class revtex4-1 Info: mcite was not loaded (OK!) on input line 170.
Class revtex4-1 Info: multicol was not loaded (OK!) on input line 170.
 (./paper.aux)
\openout1 = `paper.aux'.

LaTeX Font Info:    Checking defaults for OML/cmm/m/it on input line 170.
LaTeX Font Info:    ... okay on input line 170.
LaTeX Font Info:    Checking defaults for T1/cmr/m/n on input line 170.
LaTeX Font Info:    ... okay on input line 170.
LaTeX Font Info:    Checking defaults for OT1/cmr/m/n on input line 170.
LaTeX Font Info:    ... okay on input line 170.
LaTeX Font Info:    Checking defaults for OMS/cmsy/m/n on input line 170.
LaTeX Font Info:    ... okay on input line 170.
LaTeX Font Info:    Checking defaults for OMX/cmex/m/n on input line 170.
LaTeX Font Info:    ... okay on input line 170.
LaTeX Font Info:    Checking defaults for U/cmr/m/n on input line 170.
LaTeX Font Info:    ... okay on input line 170.
LaTeX Font Info:    Checking defaults for PD1/pdf/m/n on input line 170.
LaTeX Font Info:    ... okay on input line 170.

(/usr/local/texlive/2019/texmf-dist/tex/context/base/mkii/supp-pdf.mkii
[Loading MPS to PDF converter (version 2006.09.02).]
\scratchcounter=\count159
\scratchdimen=\dimen131
\scratchbox=\box62
\nofMPsegments=\count160
\nofMParguments=\count161
\everyMPshowfont=\toks22
\MPscratchCnt=\count162
\MPscratchDim=\dimen132
\MPnumerator=\count163
\makeMPintoPDFobject=\count164
\everyMPtoPDFconversion=\toks23
) (/usr/local/texlive/2019/texmf-dist/tex/latex/oberdiek/epstopdf-base.sty
Package: epstopdf-base 2016/05/15 v2.6 Base part for package epstopdf

(/usr/local/texlive/2019/texmf-dist/tex/latex/oberdiek/grfext.sty
Package: grfext 2016/05/16 v1.2 Manage graphics extensions (HO)
)
Package epstopdf-base Info: Redefining graphics rule for `.eps' on input line 4
38.
Package grfext Info: Graphics extension search list:
(grfext)             [.pdf,.png,.jpg,.mps,.jpeg,.jbig2,.jb2,.PDF,.PNG,.JPG,.JPE
G,.JBIG2,.JB2,.eps]
(grfext)             \AppendGraphicsExtensions on input line 456.

(/usr/local/texlive/2019/texmf-dist/tex/latex/latexconfig/epstopdf-sys.cfg
File: epstopdf-sys.cfg 2010/07/13 v1.3 Configuration of (r)epstopdf for TeX Liv
e
))
\AtBeginShipoutBox=\box63
Package hyperref Info: Link coloring ON on input line 170.

(/usr/local/texlive/2019/texmf-dist/tex/latex/hyperref/nameref.sty
Package: nameref 2016/05/21 v2.44 Cross-referencing by name of section

(/usr/local/texlive/2019/texmf-dist/tex/generic/oberdiek/gettitlestring.sty
Package: gettitlestring 2016/05/16 v1.5 Cleanup title references (HO)
)
\c@section@level=\count165
)
LaTeX Info: Redefining \ref on input line 170.
LaTeX Info: Redefining \pageref on input line 170.
LaTeX Info: Redefining \nameref on input line 170.

(./paper.out) (./paper.out)
\@outlinefile=\write4
\openout4 = `paper.out'.

LaTeX Font Info:    Try loading font information for U+lasy on input line 229.

(/usr/local/texlive/2019/texmf-dist/tex/latex/base/ulasy.fd
File: ulasy.fd 1998/08/17 v2.2e LaTeX symbol font definitions
)
LaTeX Font Info:    Try loading font information for U+msa on input line 229.

(/usr/local/texlive/2019/texmf-dist/tex/latex/amsfonts/umsa.fd
File: umsa.fd 2013/01/14 v3.01 AMS symbols A
)
LaTeX Font Info:    Try loading font information for U+msb on input line 229.

(/usr/local/texlive/2019/texmf-dist/tex/latex/amsfonts/umsb.fd
File: umsb.fd 2013/01/14 v3.01 AMS symbols B
)

LaTeX Warning: Command \r invalid in math mode on input line 247.


LaTeX Warning: Command \r invalid in math mode on input line 280.

[1{/usr/local/texlive/2019/texmf-var/fonts/map/pdftex/updmap/pdftex.map}]

LaTeX Warning: Command \r invalid in math mode on input line 292.


LaTeX Warning: Command \r invalid in math mode on input line 292.


LaTeX Warning: Command \r invalid in math mode on input line 292.


LaTeX Warning: Command \r invalid in math mode on input line 292.


LaTeX Warning: Command \r invalid in math mode on input line 292.


LaTeX Warning: Command \r invalid in math mode on input line 292.


LaTeX Warning: Command \r invalid in math mode on input line 292.


LaTeX Warning: Command \r invalid in math mode on input line 292.


Overfull \hbox (37.57753pt too wide) in alignment at lines 294--302
 [][][] []
 []


LaTeX Warning: Command \r invalid in math mode on input line 306.

[2]

LaTeX Warning: Command \r invalid in math mode on input line 308.

[3]
<figures/v_comp.png, id=258, 462.528pt x 346.896pt>
File: figures/v_comp.png Graphic file (type png)
<use figures/v_comp.png>
Package pdftex.def Info: figures/v_comp.png  used on input line 334.
(pdftex.def)             Requested size: 128.27936pt x 96.2092pt.
<figures/w_comp.png, id=260, 462.528pt x 346.896pt>
File: figures/w_comp.png Graphic file (type png)
<use figures/w_comp.png>
Package pdftex.def Info: figures/w_comp.png  used on input line 334.
(pdftex.def)             Requested size: 128.27936pt x 96.2092pt.

Overfull \hbox (18.40327pt too wide) detected at line 334
 []   []  
 []

<figures/M_I.png, id=261, 462.528pt x 346.896pt>
File: figures/M_I.png Graphic file (type png)
<use figures/M_I.png>
Package pdftex.def Info: figures/M_I.png  used on input line 337.
(pdftex.def)             Requested size: 128.27936pt x 96.2092pt.
<figures/S_I.png, id=262, 462.528pt x 346.896pt>
File: figures/S_I.png Graphic file (type png)
<use figures/S_I.png>
Package pdftex.def Info: figures/S_I.png  used on input line 337.
(pdftex.def)             Requested size: 128.27936pt x 96.2092pt.

Overfull \hbox (18.40327pt too wide) detected at line 337
 []   []  
 []


LaTeX Warning: Command \r invalid in math mode on input line 338.


LaTeX Warning: Command \r invalid in math mode on input line 338.


LaTeX Warning: Command \r invalid in math mode on input line 338.


LaTeX Warning: Command \r invalid in math mode on input line 338.


Underfull \hbox (badness 1057) in paragraph at lines 338--338
[]\OT1/cmr/bx/n/9 Figure 1. []\OT1/cmr/m/n/9 Panels show com-par-isons of the e
mis-sion
 []

<figures/11fe_M.png, id=267, 189.3474pt x 158.5122pt>
File: figures/11fe_M.png Graphic file (type png)
<use figures/11fe_M.png>
Package pdftex.def Info: figures/11fe_M.png  used on input line 345.
(pdftex.def)             Requested size: 128.27936pt x 107.3902pt.
<figures/11fe_I.png, id=268, 191.2746pt x 158.5122pt>
File: figures/11fe_I.png Graphic file (type png)
<use figures/11fe_I.png>
Package pdftex.def Info: figures/11fe_I.png  used on input line 345.
(pdftex.def)             Requested size: 128.27936pt x 106.31146pt.

Overfull \hbox (18.40327pt too wide) detected at line 345
 []   []  
 []

<figures/F_evo.png, id=269, 925.056pt x 552.1428pt>
File: figures/F_evo.png Graphic file (type png)
<use figures/F_evo.png>
Package pdftex.def Info: figures/F_evo.png  used on input line 354.
(pdftex.def)             Requested size: 256.55872pt x 153.13298pt.

Overfull \hbox (16.34773pt too wide) detected at line 354
 []  
 []

<figures/R_evo.png, id=270, 925.056pt x 552.1428pt>
File: figures/R_evo.png Graphic file (type png)
<use figures/R_evo.png>
Package pdftex.def Info: figures/R_evo.png  used on input line 356.
(pdftex.def)             Requested size: 256.55872pt x 153.13298pt.

Overfull \hbox (16.34773pt too wide) detected at line 356
 []  
 []


LaTeX Warning: Command \r invalid in math mode on input line 357.


LaTeX Warning: Command \r invalid in math mode on input line 357.

[4 <./figures/v_comp.png> <./figures/w_comp.png> <./figures/M_I.png> <./figures
/S_I.png> <./figures/11fe_M.png> <./figures/11fe_I.png> <./figures/F_evo.png> <
./figures/R_evo.png>]

LaTeX Warning: Command \r invalid in math mode on input line 365.

<figures/I_R_v.png, id=299, 462.528pt x 346.896pt>
File: figures/I_R_v.png Graphic file (type png)
<use figures/I_R_v.png>
Package pdftex.def Info: figures/I_R_v.png  used on input line 370.
(pdftex.def)             Requested size: 128.27936pt x 96.2092pt.
<figures/S_R_v.png, id=300, 462.528pt x 346.896pt>
File: figures/S_R_v.png Graphic file (type png)
<use figures/S_R_v.png>
Package pdftex.def Info: figures/S_R_v.png  used on input line 370.
(pdftex.def)             Requested size: 128.27936pt x 96.2092pt.

Overfull \hbox (18.40327pt too wide) detected at line 370
 []   []  
 []

<figures/99aa.png, id=314, 160.4394pt x 133.4586pt>
File: figures/99aa.png Graphic file (type png)
<use figures/99aa.png>
Package pdftex.def Info: figures/99aa.png  used on input line 380.
(pdftex.def)             Requested size: 128.27936pt x 106.70592pt.
<figures/03gs.png, id=315, 161.403pt x 135.3858pt>
File: figures/03gs.png Graphic file (type png)
<use figures/03gs.png>
Package pdftex.def Info: figures/03gs.png  used on input line 380.
(pdftex.def)             Requested size: 128.27936pt x 107.60847pt.

Overfull \hbox (18.40327pt too wide) detected at line 380
 []   []  
 []

<figures/05cf.png, id=316, 407.5225pt x 342.27875pt>
File: figures/05cf.png Graphic file (type png)
<use figures/05cf.png>
Package pdftex.def Info: figures/05cf.png  used on input line 383.
(pdftex.def)             Requested size: 128.27936pt x 107.74002pt.
<figures/07af.png, id=317, 157.5486pt x 131.0496pt>
File: figures/07af.png Graphic file (type png)
<use figures/07af.png>
Package pdftex.def Info: figures/07af.png  used on input line 383.
(pdftex.def)             Requested size: 128.27936pt x 106.70349pt.

Overfull \hbox (18.40327pt too wide) detected at line 383
 []   []  
 []

<figures/14jg.png, id=318, 158.5122pt x 132.495pt>
File: figures/14jg.png Graphic file (type png)
<use figures/14jg.png>
Package pdftex.def Info: figures/14jg.png  used on input line 385.
(pdftex.def)             Requested size: 128.27936pt x 107.23138pt.

LaTeX Warning: Command \r invalid in math mode on input line 386.


LaTeX Warning: Command \r invalid in math mode on input line 386.

[5 <./figures/I_R_v.png> <./figures/S_R_v.png> <./figures/99aa.png> <./figures/
03gs.png> <./figures/05cf.png> <./figures/07af.png> <./figures/14jg.png>]
<figures/I_R_15.png, id=340, 462.528pt x 346.896pt>
File: figures/I_R_15.png Graphic file (type png)
<use figures/I_R_15.png>
Package pdftex.def Info: figures/I_R_15.png  used on input line 397.
(pdftex.def)             Requested size: 128.27936pt x 96.2092pt.
<figures/S_R_15.png, id=341, 462.528pt x 346.896pt>
File: figures/S_R_15.png Graphic file (type png)
<use figures/S_R_15.png>
Package pdftex.def Info: figures/S_R_15.png  used on input line 397.
(pdftex.def)             Requested size: 128.27936pt x 96.2092pt.

Overfull \hbox (18.40327pt too wide) detected at line 397
 []   []  
 []


LaTeX Warning: Command \r invalid in math mode on input line 406.

(./paper.bbl [6 <./figures/I_R_15.png> <./figures/S_R_15.png>]) [7]

LaTeX Warning: Float too large for page by 98.93112pt on input line 558.


LaTeX Warning: Float too large for page by 98.93112pt on input line 634.

[8] [9pdfTeX warning (ext4): destination with the same identifier (name{table.0
}) has been already used, duplicate ignored

\AtBegShi@Output ...ipout \box \AtBeginShipoutBox 
                                                  \fi \fi 
l.636 \end{document}
                    ] [10pdfTeX warning (ext4): destination with the same ident
ifier (name{table.0}) has been already used, duplicate ignored

\AtBegShi@Output ...ipout \box \AtBeginShipoutBox 
                                                  \fi \fi 
l.636 \end{document}
                    ]

LaTeX Warning: A float is stuck (cannot be placed) on input line 636.


Class revtex4-1 Warning: Deferred float stuck during \clearpage processing.

[11pdfTeX warning (ext4): destination with the same identifier (name{table.0}) 
has been already used, duplicate ignored

\AtBegShi@Output ...ipout \box \AtBeginShipoutBox 
                                                  \fi \fi 
l.636 \end{document}
                    ]
Package atveryend Info: Empty hook `AfterLastShipout' on input line 636.
 (./paper.aux)
Package atveryend Info: Executing hook `AtVeryEndDocument' on input line 636.
Package atveryend Info: Executing hook `AtEndAfterFileList' on input line 636.
Package rerunfilecheck Info: File `paper.out' has not changed.
(rerunfilecheck)             Checksum: 5321BA4C9A0A892275D3459A31FC46F3;772.
 ) 
Here is how much of TeX's memory you used:
 9114 strings out of 492616
 128832 string characters out of 6129481
 421430 words of memory out of 5000000
 12838 multiletter control sequences out of 15000+600000
 14350 words of font info for 57 fonts, out of 8000000 for 9000
 1141 hyphenation exceptions out of 8191
 35i,11n,37p,1945b,493s stack positions out of 5000i,500n,10000p,200000b,80000s
</usr/local/texlive/2019/texmf-dist/fonts/type1/public/amsfonts/cm/cmbx10.pfb
></usr/local/texlive/2019/texmf-dist/fonts/type1/public/amsfonts/cm/cmbx8.pfb><
/usr/local/texlive/2019/texmf-dist/fonts/type1/public/amsfonts/cm/cmbx9.pfb></u
sr/local/texlive/2019/texmf-dist/fonts/type1/public/amsfonts/cm/cmcsc10.pfb></u
sr/local/texlive/2019/texmf-dist/fonts/type1/public/amsfonts/cm/cmex10.pfb></us
r/local/texlive/2019/texmf-dist/fonts/type1/public/amsfonts/cmextra/cmex9.pfb><
/usr/local/texlive/2019/texmf-dist/fonts/type1/public/amsfonts/cm/cmmi10.pfb></
usr/local/texlive/2019/texmf-dist/fonts/type1/public/amsfonts/cm/cmmi5.pfb></us
r/local/texlive/2019/texmf-dist/fonts/type1/public/amsfonts/cm/cmmi6.pfb></usr/
local/texlive/2019/texmf-dist/fonts/type1/public/amsfonts/cm/cmmi7.pfb></usr/lo
cal/texlive/2019/texmf-dist/fonts/type1/public/amsfonts/cm/cmmi9.pfb></usr/loca
l/texlive/2019/texmf-dist/fonts/type1/public/amsfonts/cm/cmr10.pfb></usr/local/
texlive/2019/texmf-dist/fonts/type1/public/amsfonts/cm/cmr5.pfb></usr/local/tex
live/2019/texmf-dist/fonts/type1/public/amsfonts/cm/cmr6.pfb></usr/local/texliv
e/2019/texmf-dist/fonts/type1/public/amsfonts/cm/cmr7.pfb></usr/local/texlive/2
019/texmf-dist/fonts/type1/public/amsfonts/cm/cmr8.pfb></usr/local/texlive/2019
/texmf-dist/fonts/type1/public/amsfonts/cm/cmr9.pfb></usr/local/texlive/2019/te
xmf-dist/fonts/type1/public/amsfonts/cm/cmsy10.pfb></usr/local/texlive/2019/tex
mf-dist/fonts/type1/public/amsfonts/cm/cmsy5.pfb></usr/local/texlive/2019/texmf
-dist/fonts/type1/public/amsfonts/cm/cmsy6.pfb></usr/local/texlive/2019/texmf-d
ist/fonts/type1/public/amsfonts/cm/cmsy7.pfb></usr/local/texlive/2019/texmf-dis
t/fonts/type1/public/amsfonts/cm/cmsy9.pfb></usr/local/texlive/2019/texmf-dist/
fonts/type1/public/amsfonts/cm/cmti10.pfb></usr/local/texlive/2019/texmf-dist/f
onts/type1/public/amsfonts/cm/cmti8.pfb>
Output written on paper.pdf (11 pages, 1164792 bytes).
PDF statistics:
 703 PDF objects out of 1000 (max. 8388607)
 595 compressed objects within 6 object streams
 87 named destinations out of 1000 (max. 500000)
 174 words of extra memory for PDF output out of 10000 (max. 10000000)

