This is pdfTeX, Version 3.14159265-2.6-1.40.20 (TeX Live 2019) (preloaded format=pdflatex 2021.9.17)  15 MAR 2022 17:43
entering extended mode
 restricted \write18 enabled.
 %&-line parsing enabled.
**paper.tex
(./paper.tex
LaTeX2e <2018-12-01>
(./aastex631.cls
Document Class: aastex631 2020/12/20 Version 6.3.1d/AAS markup document class
Class aastex Info: 
 
 Original \LaTeX2.09 style by Chris Biemesderfer (chris@seagoat.com). 
 Adapted to \LaTeXe by A. Ogawa (ogawa@teleport.com)
 emulateapj.cls included, Copyright 2000-2015 Alexey Vikhlinin 
 Rewrite and update of emulateapj.cls, revised and enhanced with table macros, 
gridlines, draft watermark,
 track changes, new `modern' style and much more, by Amy Hendrickson,
 (amyh@texnology.com, http://www.texnology.com) 
 
  on input line 106.
\bibbaselineskip=\skip41
(/usr/local/texlive/2019/texmf-dist/tex/latex/revtex/revtex4-1.cls
Document Class: revtex4-1 2010/07/25/20:33:00 4.1r (http://publish.aps.org/revt
ex4/ for documentation)
 Copyright (c) 2009 The American Physical Society.
 mailto:revtex@aps.org
 Licensed under the LPPL:
http://www.ctan.org/tex-archive/macros/latex/base/lppl.txt
 Arthur Ogawa <arthur_ogawa at sbcglobal dot net>
 Based on work by David Carlisle <david at dcarlisle.demon.co.uk>.
ltxutil[2010/07/25/20:33:00 4.1r utilities package (portions licensed from W. E
. Baxter web at superscript.com)]
LaTeX Info: Redefining \@centercr on input line 308.
Class revtex4-1 Info: Repairing broken LaTeX eqnarray on input line 358.
\eqncolsep=\skip42
Class revtex4-1 Info: Repairing hyperref-unfriendly LaTeX definition of \mpfoot
note on input line 433.
Class revtex4-1 Info: Repairing broken LateX \@sect on input line 755.
\intertabularlinepenalty=\count80
\@tbpen=\count81
\@arstrutbox@hline=\box27
Class revtex4-1 Info: Repairing broken LaTeX \@xbitor on input line 1786.
Class revtex4-1 Info: Making \typeout \long on input line 2046.
ltxfront[2010/07/25/20:33:00 4.1r frontmatter package (AO,DPC)]
\c@affil=\count82
\c@collab=\count83
\absbox=\box28
ltxgrid[2010/07/25/20:33:00 4.1r page grid package (portions licensed from W. E
. Baxter web at superscript.com)]
\c@linecount=\count84
\output@latex=\toks14
\box@size@1=\box29
\box@size@2=\box30
\@protection@box=\box31
\@topmark@saved=\toks15
\footins@saved=\box32
\footins@recovered=\box33
\column@recovered=\box34
\pagesofar=\box35
\footsofar=\box36
\pagegrid@col=\count85
Class revtex4-1 Info: Overriding \@vspace, \@vspacer, \@no@pgbk, \@newline, and
 \\  on input line 5578.
\c@part=\count86
\c@section=\count87
\c@subsection=\count88
\c@subsubsection=\count89
\c@paragraph=\count90
\c@subparagraph=\count91
\abovecaptionskip=\skip43
\belowcaptionskip=\skip44
\c@figure=\count92
\fbox@1=\box37
\c@table=\count93
\fbox@2=\box38
\c@video=\count94
\fbox@4=\box39
\@bibdataout=\write3
\widetext@top=\box40
\widetext@bot=\box41
Class revtex4-1 Info: Selecting society aps on input line 7542.
(/usr/local/texlive/2019/texmf-dist/tex/latex/revtex/aps4-1.rtx
File: aps4-1 2010/07/25/20:33:00 4.1r (http://publish.aps.org/revtex4/ for docu
mentation)
Class revtex4-1 Info: RevTeX society APS selected on input line 31.
)
Class revtex4-1 Info: Selecting journal pra on input line 7544.
Class revtex4-1 Info: APS journal PRA selected on input line 7545.

(/usr/local/texlive/2019/texmf-dist/tex/latex/revtex/aps10pt4-1.rtx
File: aps10pt4-1 2010/07/25/20:33:00 4.1r (http://publish.aps.org/revtex4/ for 
documentation)
Class revtex4-1 Info: RevTeX pointsize 10pt selected on input line 30.
)
(/usr/local/texlive/2019/texmf-dist/tex/latex/textcase/textcase.sty
Package: textcase 2004/10/07 v0.07 Text only upper/lower case changing (DPC)
)
(/usr/local/texlive/2019/texmf-dist/tex/latex/url/url.sty
\Urlmuskip=\muskip10
Package: url 2013/09/16  ver 3.4  Verb mode for urls, etc.
)
(/usr/local/texlive/2019/texmf-dist/tex/latex/natbib/natbib.sty
Package: natbib 2010/09/13 8.31b (PWD, AO)
\bibhang=\skip45
\bibsep=\skip46
LaTeX Info: Redefining \cite on input line 694.
\c@NAT@ctr=\count95
)
Class revtex4-1 Info: Repairing natbib's \BibitemShut on input line 7549.

(/usr/local/texlive/2019/texmf-dist/tex/latex/revtex/revsymb4-1.sty
Package: revsymb4-1 2010/07/25/20:33:00 4.1r (http://publish.aps.org/revtex4/ f
or documentation)
LaTeX Info: Redefining \REV@mathfrak on input line 119.
))
(/usr/local/texlive/2019/texmf-dist/tex/latex/base/latexsym.sty
Package: latexsym 1998/08/17 v2.2e Standard LaTeX package (lasy symbols)
\symlasy=\mathgroup4
LaTeX Font Info:    Overwriting symbol font `lasy' in version `bold'
(Font)                  U/lasy/m/n --> U/lasy/b/n on input line 52.
)
(/usr/local/texlive/2019/texmf-dist/tex/latex/graphics/graphicx.sty
Package: graphicx 2017/06/01 v1.1a Enhanced LaTeX Graphics (DPC,SPQR)

(/usr/local/texlive/2019/texmf-dist/tex/latex/graphics/keyval.sty
Package: keyval 2014/10/28 v1.15 key=value parser (DPC)
\KV@toks@=\toks16
)
(/usr/local/texlive/2019/texmf-dist/tex/latex/graphics/graphics.sty
Package: graphics 2017/06/25 v1.2c Standard LaTeX Graphics (DPC,SPQR)

(/usr/local/texlive/2019/texmf-dist/tex/latex/graphics/trig.sty
Package: trig 2016/01/03 v1.10 sin cos tan (DPC)
)
(/usr/local/texlive/2019/texmf-dist/tex/latex/graphics-cfg/graphics.cfg
File: graphics.cfg 2016/06/04 v1.11 sample graphics configuration
)
Package graphics Info: Driver file: pdftex.def on input line 99.

(/usr/local/texlive/2019/texmf-dist/tex/latex/graphics-def/pdftex.def
File: pdftex.def 2018/01/08 v1.0l Graphics/color driver for pdftex
))
\Gin@req@height=\dimen102
\Gin@req@width=\dimen103
)
(/usr/local/texlive/2019/texmf-dist/tex/latex/amsfonts/amssymb.sty
Package: amssymb 2013/01/14 v3.01 AMS font symbols

(/usr/local/texlive/2019/texmf-dist/tex/latex/amsfonts/amsfonts.sty
Package: amsfonts 2013/01/14 v3.01 Basic AMSFonts support
\@emptytoks=\toks17
\symAMSa=\mathgroup5
\symAMSb=\mathgroup6
LaTeX Font Info:    Overwriting math alphabet `\mathfrak' in version `bold'
(Font)                  U/euf/m/n --> U/euf/b/n on input line 106.
LaTeX Info: Redefining \frak on input line 111.
LaTeX Info: Redefining \Bbb on input line 113.
))
(/usr/local/texlive/2019/texmf-dist/tex/generic/epsf/epsf.sty
This is `epsf.tex' v2.7.4 <14 February 2011>
\epsffilein=\read1
\epsfframemargin=\dimen104
\epsfframethickness=\dimen105
\epsfrsize=\dimen106
\epsftmp=\dimen107
\epsftsize=\dimen108
\epsfxsize=\dimen109
\epsfysize=\dimen110
\pspoints=\dimen111
)
\rptnum=\count96
\rptloopnum=\count97
\fncount=\count98
\endfncount=\count99
\c@front@matter@foot@note=\count100
\keys@width=\skip47
\c@lastfootnote=\count101
\tempsectnum=\count102
\ackbox=\box42
\c@remember@figure@num=\count103
\c@remember@table@num=\count104
\bibskip=\skip48
\bibindent=\dimen112
\plot@width=\skip49
\c@table@save=\count105
\@abovenoteskip=\dimen113
\table@note@skip=\skip50
\deluxe@table@width=\skip51
\@d@t@a=\skip52
\c@deluxe@table@num=\count106
\LTcapwidth=\dimen114
\abovedeluxetableskip=\skip53
\belowdeluxetableskip=\skip54
\lastrowheight=\dimen115
\DT@p@ftn=\toks18
\pt@column=\count107
\pt@ncol=\count108
 (/usr/local/texlive/2019/texmf-dist/tex/latex/tools/longtable.sty
Package: longtable 2014/10/28 v4.11 Multi-page Table package (DPC)+ FMi change
\LTleft=\skip55
\LTright=\skip56
\LTpre=\skip57
\LTpost=\skip58
\LTchunksize=\count109
\LTcapwidth=\dimen116
\LT@head=\box43
\LT@firsthead=\box44
\LT@foot=\box45
\LT@lastfoot=\box46
\LT@cols=\count110
\LT@rows=\count111
\c@LT@tables=\count112
\c@LT@chunks=\count113
\LT@p@ftn=\toks19
)
(/usr/local/texlive/2019/texmf-dist/tex/latex/xcolor/xcolor.sty
Package: xcolor 2016/05/11 v2.12 LaTeX color extensions (UK)

(/usr/local/texlive/2019/texmf-dist/tex/latex/graphics-cfg/color.cfg
File: color.cfg 2016/01/02 v1.6 sample color configuration
)
Package xcolor Info: Driver file: pdftex.def on input line 225.
Package xcolor Info: Model `cmy' substituted by `cmy0' on input line 1348.
Package xcolor Info: Model `hsb' substituted by `rgb' on input line 1352.
Package xcolor Info: Model `RGB' extended on input line 1364.
Package xcolor Info: Model `HTML' substituted by `rgb' on input line 1366.
Package xcolor Info: Model `Hsb' substituted by `hsb' on input line 1367.
Package xcolor Info: Model `tHsb' substituted by `hsb' on input line 1368.
Package xcolor Info: Model `HSB' substituted by `hsb' on input line 1369.
Package xcolor Info: Model `Gray' substituted by `gray' on input line 1370.
Package xcolor Info: Model `wave' substituted by `hsb' on input line 1371.
)
(/usr/local/texlive/2019/texmf-dist/tex/latex/hyperref/hyperref.sty
Package: hyperref 2018/11/30 v6.88e Hypertext links for LaTeX

(/usr/local/texlive/2019/texmf-dist/tex/generic/oberdiek/hobsub-hyperref.sty
Package: hobsub-hyperref 2016/05/16 v1.14 Bundle oberdiek, subset hyperref (HO)


(/usr/local/texlive/2019/texmf-dist/tex/generic/oberdiek/hobsub-generic.sty
Package: hobsub-generic 2016/05/16 v1.14 Bundle oberdiek, subset generic (HO)
Package: hobsub 2016/05/16 v1.14 Construct package bundles (HO)
Package: infwarerr 2016/05/16 v1.4 Providing info/warning/error messages (HO)
Package: ltxcmds 2016/05/16 v1.23 LaTeX kernel commands for general use (HO)
Package: ifluatex 2016/05/16 v1.4 Provides the ifluatex switch (HO)
Package ifluatex Info: LuaTeX not detected.
Package: ifvtex 2016/05/16 v1.6 Detect VTeX and its facilities (HO)
Package ifvtex Info: VTeX not detected.
Package: intcalc 2016/05/16 v1.2 Expandable calculations with integers (HO)
Package: ifpdf 2018/09/07 v3.3 Provides the ifpdf switch
Package: etexcmds 2016/05/16 v1.6 Avoid name clashes with e-TeX commands (HO)
Package: kvsetkeys 2016/05/16 v1.17 Key value parser (HO)
Package: kvdefinekeys 2016/05/16 v1.4 Define keys (HO)
Package: pdftexcmds 2018/09/10 v0.29 Utility functions of pdfTeX for LuaTeX (HO
)
Package pdftexcmds Info: LuaTeX not detected.
Package pdftexcmds Info: \pdf@primitive is available.
Package pdftexcmds Info: \pdf@ifprimitive is available.
Package pdftexcmds Info: \pdfdraftmode found.
Package: pdfescape 2016/05/16 v1.14 Implements pdfTeX's escape features (HO)
Package: bigintcalc 2016/05/16 v1.4 Expandable calculations on big integers (HO
)
Package: bitset 2016/05/16 v1.2 Handle bit-vector datatype (HO)
Package: uniquecounter 2016/05/16 v1.3 Provide unlimited unique counter (HO)
)
Package hobsub Info: Skipping package `hobsub' (already loaded).
Package: letltxmacro 2016/05/16 v1.5 Let assignment for LaTeX macros (HO)
Package: hopatch 2016/05/16 v1.3 Wrapper for package hooks (HO)
Package: xcolor-patch 2016/05/16 xcolor patch
Package: atveryend 2016/05/16 v1.9 Hooks at the very end of document (HO)
Package: atbegshi 2016/06/09 v1.18 At begin shipout hook (HO)
Package: refcount 2016/05/16 v3.5 Data extraction from label references (HO)
Package: hycolor 2016/05/16 v1.8 Color options for hyperref/bookmark (HO)
)
(/usr/local/texlive/2019/texmf-dist/tex/generic/ifxetex/ifxetex.sty
Package: ifxetex 2010/09/12 v0.6 Provides ifxetex conditional
)
(/usr/local/texlive/2019/texmf-dist/tex/latex/oberdiek/auxhook.sty
Package: auxhook 2016/05/16 v1.4 Hooks for auxiliary files (HO)
)
(/usr/local/texlive/2019/texmf-dist/tex/latex/oberdiek/kvoptions.sty
Package: kvoptions 2016/05/16 v3.12 Key value format for package options (HO)
)
\@linkdim=\dimen117
\Hy@linkcounter=\count114
\Hy@pagecounter=\count115

(/usr/local/texlive/2019/texmf-dist/tex/latex/hyperref/pd1enc.def
File: pd1enc.def 2018/11/30 v6.88e Hyperref: PDFDocEncoding definition (HO)
Now handling font encoding PD1 ...
... no UTF-8 mapping file for font encoding PD1
)
\Hy@SavedSpaceFactor=\count116

(/usr/local/texlive/2019/texmf-dist/tex/latex/latexconfig/hyperref.cfg
File: hyperref.cfg 2002/06/06 v1.2 hyperref configuration of TeXLive
)
Package hyperref Info: Option `bookmarks' set `true' on input line 4393.
Package hyperref Info: Option `pdfnewwindow' set `true' on input line 4393.
Package hyperref Info: Option `colorlinks' set `true' on input line 4393.
Package hyperref Info: Option `final' set `true' on input line 4393.
Package hyperref Info: Hyper figures OFF on input line 4519.
Package hyperref Info: Link nesting OFF on input line 4524.
Package hyperref Info: Hyper index ON on input line 4527.
Package hyperref Info: Plain pages OFF on input line 4534.
Package hyperref Info: Backreferencing OFF on input line 4539.
Package hyperref Info: Implicit mode ON; LaTeX internals redefined.
Package hyperref Info: Bookmarks ON on input line 4772.
LaTeX Info: Redefining \href on input line 5036.
\c@Hy@tempcnt=\count117
LaTeX Info: Redefining \url on input line 5125.
\XeTeXLinkMargin=\dimen118
\Fld@menulength=\count118
\Field@Width=\dimen119
\Fld@charsize=\dimen120
Package hyperref Info: Hyper figures OFF on input line 6380.
Package hyperref Info: Link nesting OFF on input line 6385.
Package hyperref Info: Hyper index ON on input line 6388.
Package hyperref Info: backreferencing OFF on input line 6395.
Package hyperref Info: Link coloring ON on input line 6398.
Package hyperref Info: Link coloring with OCG OFF on input line 6405.
Package hyperref Info: PDF/A mode OFF on input line 6410.
LaTeX Info: Redefining \ref on input line 6450.
LaTeX Info: Redefining \pageref on input line 6454.
\Hy@abspage=\count119
\c@Item=\count120
\c@Hfootnote=\count121
)
Package hyperref Info: Driver (autodetected): hpdftex.

(/usr/local/texlive/2019/texmf-dist/tex/latex/hyperref/hpdftex.def
File: hpdftex.def 2018/11/30 v6.88e Hyperref driver for pdfTeX
\Fld@listcount=\count122
\c@bookmark@seq@number=\count123

(/usr/local/texlive/2019/texmf-dist/tex/latex/oberdiek/rerunfilecheck.sty
Package: rerunfilecheck 2016/05/16 v1.8 Rerun checks for auxiliary files (HO)
Package uniquecounter Info: New unique counter `rerunfilecheck' on input line 2
82.
)
\Hy@SectionHShift=\skip59
)
(/usr/local/texlive/2019/texmf-dist/tex/latex/tools/array.sty
Package: array 2018/12/30 v2.4k Tabular extension package (FMi)
\col@sep=\dimen121
\ar@mcellbox=\box47
\extrarowheight=\dimen122
\NC@list=\toks20
\extratabsurround=\skip60
\backup@length=\skip61
\ar@cellbox=\box48
)
\colcount=\count124
\firstcolcount=\count125
\secondcolcount=\count126
\thirdcolcount=\count127
\columncount=\count128
\howmanyDs=\count129
\firsthowmanyDs=\count130
\secondhowmanyDs=\count131
\PartsOfTable=\count132
\columnoneandtwo=\count133
\colnumsused=\count134
\loopnum=\count135
\totalcolumncount=\count136
\totalcolumns=\count137
\firsttablebox=\box49
\secondtablebox=\box50
\thirdtablebox=\box51
\longtablebox=\box52
\splitbox=\box53
\movetabledown=\dimen123
\maxtablewidth=\dimen124
\savetabskip=\dimen125
\tempcounter=\count138
\colheadcount=\count139
\rotatetablebox=\box54
\colorcount=\count140
\editnum=\count141
\refchangenumber=\count142
\listchangenum=\count143

(/usr/local/texlive/2019/texmf-dist/tex/generic/ulem/ulem.sty
\UL@box=\box55
\UL@hyphenbox=\box56
\UL@skip=\skip62
\UL@hook=\toks21
\UL@height=\dimen126
\UL@pe=\count144
\UL@pixel=\dimen127
\ULC@box=\box57
Package: ulem 2012/05/18
\ULdepth=\dimen128
)
\entriesinthiscollab=\count145
\allentries=\count146
\AuthorCollaborationLimit=\count147
\largestAffilNum=\count148
\totalentries=\count149
\docollabnum=\count150
\tempauthornumber=\count151
\countauthors=\count152
\testnum=\count153
\tempauthorminusone=\count154
\affilnum=\count155
\c@affilcount=\count156
\numauthors=\count157
\collabnum=\count158
\collabnamebox=\box58
\widetext@top=\box59
\widetext@bot=\box60
\currwidth=\dimen129
\interactbox=\box61
\movetableright=\dimen130
)
Class revtex4-1 Info: Unrecognized array package. Please update this document c
lass! (Proceeding with fingers crossed.) on input line 171.
Class revtex4-1 Info: Patching unrecognized longtable package. (Proceeding with
 fingers crossed) on input line 171.
Class revtex4-1 Info: Robustifying \LaTeX's \boldmath command on input line 171
.
Class revtex4-1 Info: cite was not loaded (OK!) on input line 171.
Class revtex4-1 Info: mcite was not loaded (OK!) on input line 171.
Class revtex4-1 Info: multicol was not loaded (OK!) on input line 171.
 (./paper.aux)
\openout1 = `paper.aux'.

LaTeX Font Info:    Checking defaults for OML/cmm/m/it on input line 171.
LaTeX Font Info:    ... okay on input line 171.
LaTeX Font Info:    Checking defaults for T1/cmr/m/n on input line 171.
LaTeX Font Info:    ... okay on input line 171.
LaTeX Font Info:    Checking defaults for OT1/cmr/m/n on input line 171.
LaTeX Font Info:    ... okay on input line 171.
LaTeX Font Info:    Checking defaults for OMS/cmsy/m/n on input line 171.
LaTeX Font Info:    ... okay on input line 171.
LaTeX Font Info:    Checking defaults for OMX/cmex/m/n on input line 171.
LaTeX Font Info:    ... okay on input line 171.
LaTeX Font Info:    Checking defaults for U/cmr/m/n on input line 171.
LaTeX Font Info:    ... okay on input line 171.
LaTeX Font Info:    Checking defaults for PD1/pdf/m/n on input line 171.
LaTeX Font Info:    ... okay on input line 171.

(/usr/local/texlive/2019/texmf-dist/tex/context/base/mkii/supp-pdf.mkii
[Loading MPS to PDF converter (version 2006.09.02).]
\scratchcounter=\count159
\scratchdimen=\dimen131
\scratchbox=\box62
\nofMPsegments=\count160
\nofMParguments=\count161
\everyMPshowfont=\toks22
\MPscratchCnt=\count162
\MPscratchDim=\dimen132
\MPnumerator=\count163
\makeMPintoPDFobject=\count164
\everyMPtoPDFconversion=\toks23
) (/usr/local/texlive/2019/texmf-dist/tex/latex/oberdiek/epstopdf-base.sty
Package: epstopdf-base 2016/05/15 v2.6 Base part for package epstopdf

(/usr/local/texlive/2019/texmf-dist/tex/latex/oberdiek/grfext.sty
Package: grfext 2016/05/16 v1.2 Manage graphics extensions (HO)
)
Package epstopdf-base Info: Redefining graphics rule for `.eps' on input line 4
38.
Package grfext Info: Graphics extension search list:
(grfext)             [.pdf,.png,.jpg,.mps,.jpeg,.jbig2,.jb2,.PDF,.PNG,.JPG,.JPE
G,.JBIG2,.JB2,.eps]
(grfext)             \AppendGraphicsExtensions on input line 456.

(/usr/local/texlive/2019/texmf-dist/tex/latex/latexconfig/epstopdf-sys.cfg
File: epstopdf-sys.cfg 2010/07/13 v1.3 Configuration of (r)epstopdf for TeX Liv
e
))
\AtBeginShipoutBox=\box63
Package hyperref Info: Link coloring ON on input line 171.

(/usr/local/texlive/2019/texmf-dist/tex/latex/hyperref/nameref.sty
Package: nameref 2016/05/21 v2.44 Cross-referencing by name of section

(/usr/local/texlive/2019/texmf-dist/tex/generic/oberdiek/gettitlestring.sty
Package: gettitlestring 2016/05/16 v1.5 Cleanup title references (HO)
)
\c@section@level=\count165
)
LaTeX Info: Redefining \ref on input line 171.
LaTeX Info: Redefining \pageref on input line 171.
LaTeX Info: Redefining \nameref on input line 171.

(./paper.out) (./paper.out)
\@outlinefile=\write4
\openout4 = `paper.out'.

LaTeX Font Info:    Try loading font information for U+lasy on input line 230.

(/usr/local/texlive/2019/texmf-dist/tex/latex/base/ulasy.fd
File: ulasy.fd 1998/08/17 v2.2e LaTeX symbol font definitions
)
LaTeX Font Info:    Try loading font information for U+msa on input line 230.

(/usr/local/texlive/2019/texmf-dist/tex/latex/amsfonts/umsa.fd
File: umsa.fd 2013/01/14 v3.01 AMS symbols A
)
LaTeX Font Info:    Try loading font information for U+msb on input line 230.

(/usr/local/texlive/2019/texmf-dist/tex/latex/amsfonts/umsb.fd
File: umsb.fd 2013/01/14 v3.01 AMS symbols B
)

LaTeX Warning: Command \r invalid in math mode on input line 248.


LaTeX Warning: Command \r invalid in math mode on input line 278.


LaTeX Warning: Command \r invalid in math mode on input line 278.


LaTeX Warning: Command \r invalid in math mode on input line 278.

[1{/usr/local/texlive/2019/texmf-var/fonts/map/pdftex/updmap/pdftex.map}]
<figures/features.pdf, id=152, 462.52798pt x 346.89601pt>
File: figures/features.pdf Graphic file (type pdf)
<use figures/features.pdf>
Package pdftex.def Info: figures/features.pdf  used on input line 282.
(pdftex.def)             Requested size: 256.55872pt x 192.42899pt.

Overfull \hbox (16.34773pt too wide) detected at line 282
 []  
 []


LaTeX Warning: Command \r invalid in math mode on input line 291.


LaTeX Warning: Command \r invalid in math mode on input line 316.


LaTeX Warning: Command \r invalid in math mode on input line 316.


LaTeX Warning: Command \r invalid in math mode on input line 316.


LaTeX Warning: Command \r invalid in math mode on input line 316.


LaTeX Warning: Command \r invalid in math mode on input line 316.


LaTeX Warning: Command \r invalid in math mode on input line 316.


LaTeX Warning: Command \r invalid in math mode on input line 316.


LaTeX Warning: Command \r invalid in math mode on input line 316.


LaTeX Warning: Command \r invalid in math mode on input line 316.


LaTeX Warning: Command \r invalid in math mode on input line 316.


LaTeX Warning: Command \r invalid in math mode on input line 316.


LaTeX Warning: Command \r invalid in math mode on input line 316.


LaTeX Warning: Command \r invalid in math mode on input line 316.


LaTeX Warning: Command \r invalid in math mode on input line 316.


LaTeX Warning: Command \r invalid in math mode on input line 316.


LaTeX Warning: Command \r invalid in math mode on input line 316.

[2 <./figures/features.pdf>]
<figures/4.pdf, id=241, 359.9046pt x 469.755pt>
File: figures/4.pdf Graphic file (type pdf)
<use figures/4.pdf>
Package pdftex.def Info: figures/4.pdf  used on input line 320.
(pdftex.def)             Requested size: 256.55872pt x 334.89029pt.

Overfull \hbox (16.34773pt too wide) detected at line 320
 []  
 []


LaTeX Warning: Command \r invalid in math mode on input line 321.


LaTeX Warning: Command \r invalid in math mode on input line 321.

<figures/example21.pdf, id=242, 462.52798pt x 346.89601pt>
File: figures/example21.pdf Graphic file (type pdf)
<use figures/example21.pdf>
Package pdftex.def Info: figures/example21.pdf  used on input line 328.
(pdftex.def)             Requested size: 256.55872pt x 192.42899pt.
<figures/example22.pdf, id=243, 462.52798pt x 346.89601pt>
File: figures/example22.pdf Graphic file (type pdf)
<use figures/example22.pdf>
Package pdftex.def Info: figures/example22.pdf  used on input line 328.
(pdftex.def)             Requested size: 256.55872pt x 192.42899pt.

Overfull \hbox (4.11108pt too wide) detected at line 328
 []   []  
 []

<figures/example11.pdf, id=244, 462.52798pt x 346.89601pt>
File: figures/example11.pdf Graphic file (type pdf)
<use figures/example11.pdf>
Package pdftex.def Info: figures/example11.pdf  used on input line 331.
(pdftex.def)             Requested size: 256.55872pt x 192.42899pt.
<figures/example12.pdf, id=245, 462.52798pt x 346.89601pt>
File: figures/example12.pdf Graphic file (type pdf)
<use figures/example12.pdf>
Package pdftex.def Info: figures/example12.pdf  used on input line 331.
(pdftex.def)             Requested size: 256.55872pt x 192.42899pt.

Overfull \hbox (4.11108pt too wide) detected at line 331
 []   []  
 []


LaTeX Warning: Command \r invalid in math mode on input line 332.


LaTeX Warning: Command \r invalid in math mode on input line 332.


LaTeX Warning: Command \r invalid in math mode on input line 336.


LaTeX Warning: Command \r invalid in math mode on input line 336.


LaTeX Warning: Command \r invalid in math mode on input line 336.


LaTeX Warning: Command \r invalid in math mode on input line 346.


LaTeX Warning: Command \r invalid in math mode on input line 346.


LaTeX Warning: Command \r invalid in math mode on input line 352.


LaTeX Warning: Command \r invalid in math mode on input line 352.


LaTeX Warning: Command \r invalid in math mode on input line 352.


LaTeX Warning: Command \r invalid in math mode on input line 352.


LaTeX Warning: Command \r invalid in math mode on input line 352.


LaTeX Warning: Command \r invalid in math mode on input line 352.

[3 <./figures/4.pdf>]

LaTeX Warning: Command \r invalid in math mode on input line 356.


LaTeX Warning: Command \r invalid in math mode on input line 356.

[4 <./figures/example21.pdf> <./figures/example22.pdf> <./figures/example11.pdf
> <./figures/example12.pdf>]
<figures/ratio_phase.pdf, id=539, 925.05597pt x 552.14282pt>
File: figures/ratio_phase.pdf Graphic file (type pdf)
<use figures/ratio_phase.pdf>
Package pdftex.def Info: figures/ratio_phase.pdf  used on input line 364.
(pdftex.def)             Requested size: 513.11743pt x 306.28282pt.

Overfull \hbox (2.05554pt too wide) detected at line 364
 []  
 []


LaTeX Warning: Command \r invalid in math mode on input line 371.

<figures/ratio_Si_my.pdf, id=553, 462.52798pt x 346.89601pt>
File: figures/ratio_Si_my.pdf Graphic file (type pdf)
<use figures/ratio_Si_my.pdf>
Package pdftex.def Info: figures/ratio_Si_my.pdf  used on input line 375.
(pdftex.def)             Requested size: 256.55872pt x 192.42899pt.

Overfull \hbox (16.34773pt too wide) detected at line 375
 []  
 []


LaTeX Warning: Command \r invalid in math mode on input line 376.


LaTeX Warning: Command \r invalid in math mode on input line 376.


Package hyperref Warning: Token not allowed in a PDF string (PDFDocEncoding):
(hyperref)                removing `math shift' on input line 380.


Package hyperref Warning: Token not allowed in a PDF string (PDFDocEncoding):
(hyperref)                removing `\Delta' on input line 380.


Package hyperref Warning: Token not allowed in a PDF string (PDFDocEncoding):
(hyperref)                removing `subscript' on input line 380.


Package hyperref Warning: Token not allowed in a PDF string (PDFDocEncoding):
(hyperref)                removing `math shift' on input line 380.

<figures/ratio_15_my.pdf, id=556, 462.52798pt x 346.89601pt>
File: figures/ratio_15_my.pdf Graphic file (type pdf)
<use figures/ratio_15_my.pdf>
Package pdftex.def Info: figures/ratio_15_my.pdf  used on input line 386.
(pdftex.def)             Requested size: 256.55872pt x 192.42899pt.

Overfull \hbox (16.34773pt too wide) detected at line 386
 []  
 []


LaTeX Warning: Command \r invalid in math mode on input line 393.


LaTeX Warning: Command \r invalid in math mode on input line 393.

[5]

LaTeX Warning: Command \r invalid in math mode on input line 405.


Package hyperref Warning: Token not allowed in a PDF string (PDFDocEncoding):
(hyperref)                removing `math shift' on input line 405.


Package hyperref Warning: Token not allowed in a PDF string (PDFDocEncoding):
(hyperref)                removing `math shift' on input line 405.


LaTeX Warning: Command \r invalid in math mode on input line 407.


LaTeX Warning: Command \r invalid in math mode on input line 407.


LaTeX Warning: Command \r invalid in math mode on input line 407.


LaTeX Warning: Command \r invalid in math mode on input line 407.


LaTeX Warning: Command \r invalid in math mode on input line 407.


LaTeX Warning: Command \r invalid in math mode on input line 407.

[6 <./figures/ratio_phase.pdf>]

LaTeX Warning: A float is stuck (cannot be placed) on input line 408.


LaTeX Warning: A float is stuck (cannot be placed) on input line 408.


Class revtex4-1 Warning: Deferred float stuck during \clearpage processing.


LaTeX Warning: Command \r invalid in math mode on input line 409.


LaTeX Warning: Command \r invalid in math mode on input line 413.

[7 <./figures/ratio_Si_my.pdf> <./figures/ratio_15_my.pdf>] (./paper.bbl
[8]) [9]pdfTeX warning (ext4): destination with the same identifier (name{table
.1}) has been already used, duplicate ignored
<to be read again> 
                   \relax 
l.486 \enddata
              
Overfull \hbox (14.9152pt too wide) in alignment at lines 486--486
 [] [] [] [] [] [] [] [] [] [] [] 
 []


Overfull \hbox (14.9152pt too wide) in alignment at lines 486--486
 [] [] [] [] [] [] [] [] [] [] [] 
 []


Overfull \hbox (14.9152pt too wide) in alignment at lines 486--486
 [] [] [] [] [] [] [] [] [] [] [] 
 []


Overfull \hbox (14.9152pt too wide) in alignment at lines 486--486
 [] [] [] [] [] [] [] [] [] [] [] 
 []


Overfull \hbox (14.9152pt too wide) in alignment at lines 486--486
 [] [] [] [] [] [] [] [] [] [] [] 
 []


Overfull \hbox (14.9152pt too wide) in alignment at lines 486--486
 [] [] [] [] [] [] [] [] [] [] [] 
 []


Overfull \vbox (0.7632pt too high) has occurred while \output is active []


[10]pdfTeX warning (ext4): destination with the same identifier (name{table.1})
 has been already used, duplicate ignored
<to be read again> 
                   \relax 
l.503 \enddata
              pdfTeX warning (ext4): destination with the same identifier (name
{table.1}) has been already used, duplicate ignored
<to be read again> 
                   \relax 
l.573 \enddata
              
Overfull \hbox (24.72108pt too wide) in alignment at lines 573--573
 [] [] [] [] [] [] [] [] [] [] 
 []


Overfull \hbox (24.72108pt too wide) in alignment at lines 573--573
 [] [] [] [] [] [] [] [] [] [] 
 []


Overfull \hbox (24.72108pt too wide) in alignment at lines 573--573
 [] [] [] [] [] [] [] [] [] [] 
 []


Overfull \hbox (24.72108pt too wide) in alignment at lines 573--573
 [] [] [] [] [] [] [] [] [] [] 
 []


Overfull \hbox (24.72108pt too wide) in alignment at lines 573--573
 [] [] [] [] [] [] [] [] [] [] 
 []


Overfull \hbox (24.72108pt too wide) in alignment at lines 573--573
 [] [] [] [] [] [] [] [] [] [] 
 []


Overfull \hbox (24.72108pt too wide) in alignment at lines 573--573
 [] [] [] [] [] [] [] [] [] [] 
 []

[11]
<figures/SN1986G_256.pdf, id=1045, 462.52798pt x 346.89601pt>
File: figures/SN1986G_256.pdf Graphic file (type pdf)
<use figures/SN1986G_256.pdf>
Package pdftex.def Info: figures/SN1986G_256.pdf  used on input line 582.
(pdftex.def)             Requested size: 128.27936pt x 96.2092pt.
<figures/SN1990N_227.pdf, id=1046, 462.52798pt x 346.89601pt>
File: figures/SN1990N_227.pdf Graphic file (type pdf)
<use figures/SN1990N_227.pdf>
Package pdftex.def Info: figures/SN1990N_227.pdf  used on input line 582.
(pdftex.def)             Requested size: 128.27936pt x 96.2092pt.
<figures/SN1990N_280.pdf, id=1047, 462.52798pt x 346.89601pt>
File: figures/SN1990N_280.pdf Graphic file (type pdf)
<use figures/SN1990N_280.pdf>
Package pdftex.def Info: figures/SN1990N_280.pdf  used on input line 582.
(pdftex.def)             Requested size: 128.27936pt x 96.2092pt.
<figures/SN1990N_305.pdf, id=1048, 462.52798pt x 346.89601pt>
File: figures/SN1990N_305.pdf Graphic file (type pdf)
<use figures/SN1990N_305.pdf>
Package pdftex.def Info: figures/SN1990N_305.pdf  used on input line 582.
(pdftex.def)             Requested size: 128.27936pt x 96.2092pt.

Overfull \hbox (8.22217pt too wide) detected at line 582
 []   []   []   []  
 []

<figures/SN1998bu_237.pdf, id=1049, 462.52798pt x 346.89601pt>
File: figures/SN1998bu_237.pdf Graphic file (type pdf)
<use figures/SN1998bu_237.pdf>
Package pdftex.def Info: figures/SN1998bu_237.pdf  used on input line 587.
(pdftex.def)             Requested size: 128.27936pt x 96.2092pt.
<figures/SN1998bu_281.pdf, id=1050, 462.52798pt x 346.89601pt>
File: figures/SN1998bu_281.pdf Graphic file (type pdf)
<use figures/SN1998bu_281.pdf>
Package pdftex.def Info: figures/SN1998bu_281.pdf  used on input line 587.
(pdftex.def)             Requested size: 128.27936pt x 96.2092pt.
<figures/SN1999aa_258.pdf, id=1051, 462.52798pt x 346.89601pt>
File: figures/SN1999aa_258.pdf Graphic file (type pdf)
<use figures/SN1999aa_258.pdf>
Package pdftex.def Info: figures/SN1999aa_258.pdf  used on input line 587.
(pdftex.def)             Requested size: 128.27936pt x 96.2092pt.
<figures/SN2002bo_311.pdf, id=1052, 462.52798pt x 346.89601pt>
File: figures/SN2002bo_311.pdf Graphic file (type pdf)
<use figures/SN2002bo_311.pdf>
Package pdftex.def Info: figures/SN2002bo_311.pdf  used on input line 587.
(pdftex.def)             Requested size: 128.27936pt x 96.2092pt.

Overfull \hbox (8.22217pt too wide) detected at line 587
 []   []   []   []  
 []

<figures/SN2003du_219.pdf, id=1053, 462.52798pt x 346.89601pt>
File: figures/SN2003du_219.pdf Graphic file (type pdf)
<use figures/SN2003du_219.pdf>
Package pdftex.def Info: figures/SN2003du_219.pdf  used on input line 592.
(pdftex.def)             Requested size: 128.27936pt x 96.2092pt.
<figures/SN2003gs_207.pdf, id=1054, 462.52798pt x 346.89601pt>
File: figures/SN2003gs_207.pdf Graphic file (type pdf)
<use figures/SN2003gs_207.pdf>
Package pdftex.def Info: figures/SN2003gs_207.pdf  used on input line 592.
(pdftex.def)             Requested size: 128.27936pt x 96.2092pt.
<figures/SN2003hv_319.pdf, id=1055, 462.52798pt x 346.89601pt>
File: figures/SN2003hv_319.pdf Graphic file (type pdf)
<use figures/SN2003hv_319.pdf>
Package pdftex.def Info: figures/SN2003hv_319.pdf  used on input line 592.
(pdftex.def)             Requested size: 128.27936pt x 96.2092pt.
<figures/SN2003kf_400.pdf, id=1056, 462.52798pt x 346.89601pt>
File: figures/SN2003kf_400.pdf Graphic file (type pdf)
<use figures/SN2003kf_400.pdf>
Package pdftex.def Info: figures/SN2003kf_400.pdf  used on input line 592.
(pdftex.def)             Requested size: 128.27936pt x 96.2092pt.

Overfull \hbox (8.22217pt too wide) detected at line 592
 []   []   []   []  
 []

<figures/SN2004eo_227.pdf, id=1057, 462.52798pt x 346.89601pt>
File: figures/SN2004eo_227.pdf Graphic file (type pdf)
<use figures/SN2004eo_227.pdf>
Package pdftex.def Info: figures/SN2004eo_227.pdf  used on input line 597.
(pdftex.def)             Requested size: 128.27936pt x 96.2092pt.
<figures/SN2005cf_317.pdf, id=1058, 462.52798pt x 346.89601pt>
File: figures/SN2005cf_317.pdf Graphic file (type pdf)
<use figures/SN2005cf_317.pdf>
Package pdftex.def Info: figures/SN2005cf_317.pdf  used on input line 597.
(pdftex.def)             Requested size: 128.27936pt x 96.2092pt.
<figures/SN2006X_276.pdf, id=1059, 462.52798pt x 346.89601pt>
File: figures/SN2006X_276.pdf Graphic file (type pdf)
<use figures/SN2006X_276.pdf>
Package pdftex.def Info: figures/SN2006X_276.pdf  used on input line 597.
(pdftex.def)             Requested size: 128.27936pt x 96.2092pt.
<figures/SN2006X_359.pdf, id=1060, 462.52798pt x 346.89601pt>
File: figures/SN2006X_359.pdf Graphic file (type pdf)
<use figures/SN2006X_359.pdf>
Package pdftex.def Info: figures/SN2006X_359.pdf  used on input line 597.
(pdftex.def)             Requested size: 128.27936pt x 96.2092pt.

Overfull \hbox (8.22217pt too wide) detected at line 597
 []   []   []   []  
 []

<figures/SN2007af_303.pdf, id=1061, 462.52798pt x 346.89601pt>
File: figures/SN2007af_303.pdf Graphic file (type pdf)
<use figures/SN2007af_303.pdf>
Package pdftex.def Info: figures/SN2007af_303.pdf  used on input line 602.
(pdftex.def)             Requested size: 128.27936pt x 96.2092pt.
<figures/SN2007le_306.pdf, id=1062, 462.52798pt x 346.89601pt>
File: figures/SN2007le_306.pdf Graphic file (type pdf)
<use figures/SN2007le_306.pdf>
Package pdftex.def Info: figures/SN2007le_306.pdf  used on input line 602.
(pdftex.def)             Requested size: 128.27936pt x 96.2092pt.
<figures/SN2008Q_200.pdf, id=1063, 462.52798pt x 346.89601pt>
File: figures/SN2008Q_200.pdf Graphic file (type pdf)
<use figures/SN2008Q_200.pdf>
Package pdftex.def Info: figures/SN2008Q_200.pdf  used on input line 602.
(pdftex.def)             Requested size: 128.27936pt x 96.2092pt.
<figures/SN2011by_207.pdf, id=1064, 462.52798pt x 346.89601pt>
File: figures/SN2011by_207.pdf Graphic file (type pdf)
<use figures/SN2011by_207.pdf>
Package pdftex.def Info: figures/SN2011by_207.pdf  used on input line 602.
(pdftex.def)             Requested size: 128.27936pt x 96.2092pt.

Overfull \hbox (8.22217pt too wide) detected at line 602
 []   []   []   []  
 []

<figures/SN2011by_311.pdf, id=1065, 462.52798pt x 346.89601pt>
File: figures/SN2011by_311.pdf Graphic file (type pdf)
<use figures/SN2011by_311.pdf>
Package pdftex.def Info: figures/SN2011by_311.pdf  used on input line 609.
(pdftex.def)             Requested size: 128.27936pt x 96.2092pt.
<figures/SN2011fe_203.pdf, id=1066, 462.52798pt x 346.89601pt>
File: figures/SN2011fe_203.pdf Graphic file (type pdf)
<use figures/SN2011fe_203.pdf>
Package pdftex.def Info: figures/SN2011fe_203.pdf  used on input line 609.
(pdftex.def)             Requested size: 128.27936pt x 96.2092pt.
<figures/SN2011fe_224.pdf, id=1067, 462.52798pt x 346.89601pt>
File: figures/SN2011fe_224.pdf Graphic file (type pdf)
<use figures/SN2011fe_224.pdf>
Package pdftex.def Info: figures/SN2011fe_224.pdf  used on input line 609.
(pdftex.def)             Requested size: 128.27936pt x 96.2092pt.
<figures/SN2011fe_309.pdf, id=1068, 462.52798pt x 346.89601pt>
File: figures/SN2011fe_309.pdf Graphic file (type pdf)
<use figures/SN2011fe_309.pdf>
Package pdftex.def Info: figures/SN2011fe_309.pdf  used on input line 609.
(pdftex.def)             Requested size: 128.27936pt x 96.2092pt.

Overfull \hbox (8.22217pt too wide) detected at line 609
 []   []   []   []  
 []

<figures/SN2011fe_345.pdf, id=1069, 462.52798pt x 346.89601pt>
File: figures/SN2011fe_345.pdf Graphic file (type pdf)
<use figures/SN2011fe_345.pdf>
Package pdftex.def Info: figures/SN2011fe_345.pdf  used on input line 614.
(pdftex.def)             Requested size: 128.27936pt x 96.2092pt.
<figures/SN2011fe_378.pdf, id=1070, 462.52798pt x 346.89601pt>
File: figures/SN2011fe_378.pdf Graphic file (type pdf)
<use figures/SN2011fe_378.pdf>
Package pdftex.def Info: figures/SN2011fe_378.pdf  used on input line 614.
(pdftex.def)             Requested size: 128.27936pt x 96.2092pt.
<figures/SN2012cg_286.pdf, id=1071, 462.52798pt x 346.89601pt>
File: figures/SN2012cg_286.pdf Graphic file (type pdf)
<use figures/SN2012cg_286.pdf>
Package pdftex.def Info: figures/SN2012cg_286.pdf  used on input line 614.
(pdftex.def)             Requested size: 128.27936pt x 96.2092pt.
<figures/SN2012cg_342.pdf, id=1072, 462.52798pt x 346.89601pt>
File: figures/SN2012cg_342.pdf Graphic file (type pdf)
<use figures/SN2012cg_342.pdf>
Package pdftex.def Info: figures/SN2012cg_342.pdf  used on input line 614.
(pdftex.def)             Requested size: 128.27936pt x 96.2092pt.

Overfull \hbox (8.22217pt too wide) detected at line 614
 []   []   []   []  
 []

<figures/SN2012fr_222.pdf, id=1073, 462.52798pt x 346.89601pt>
File: figures/SN2012fr_222.pdf Graphic file (type pdf)
<use figures/SN2012fr_222.pdf>
Package pdftex.def Info: figures/SN2012fr_222.pdf  used on input line 619.
(pdftex.def)             Requested size: 128.27936pt x 96.2092pt.
<figures/SN2012fr_261.pdf, id=1074, 462.52798pt x 346.89601pt>
File: figures/SN2012fr_261.pdf Graphic file (type pdf)
<use figures/SN2012fr_261.pdf>
Package pdftex.def Info: figures/SN2012fr_261.pdf  used on input line 619.
(pdftex.def)             Requested size: 128.27936pt x 96.2092pt.
<figures/SN2012fr_340.pdf, id=1075, 462.52798pt x 346.89601pt>
File: figures/SN2012fr_340.pdf Graphic file (type pdf)
<use figures/SN2012fr_340.pdf>
Package pdftex.def Info: figures/SN2012fr_340.pdf  used on input line 619.
(pdftex.def)             Requested size: 128.27936pt x 96.2092pt.
<figures/SN2012fr_367.pdf, id=1076, 462.52798pt x 346.89601pt>
File: figures/SN2012fr_367.pdf Graphic file (type pdf)
<use figures/SN2012fr_367.pdf>
Package pdftex.def Info: figures/SN2012fr_367.pdf  used on input line 619.
(pdftex.def)             Requested size: 128.27936pt x 96.2092pt.

Overfull \hbox (8.22217pt too wide) detected at line 619
 []   []   []   []  
 []

<figures/SN2012hr_284.pdf, id=1077, 462.52798pt x 346.89601pt>
File: figures/SN2012hr_284.pdf Graphic file (type pdf)
<use figures/SN2012hr_284.pdf>
Package pdftex.def Info: figures/SN2012hr_284.pdf  used on input line 624.
(pdftex.def)             Requested size: 128.27936pt x 96.2092pt.
<figures/SN2013aa_400.pdf, id=1078, 462.52798pt x 346.89601pt>
File: figures/SN2013aa_400.pdf Graphic file (type pdf)
<use figures/SN2013aa_400.pdf>
Package pdftex.def Info: figures/SN2013aa_400.pdf  used on input line 624.
(pdftex.def)             Requested size: 128.27936pt x 96.2092pt.
<figures/SN2013cs_261.pdf, id=1079, 462.52798pt x 346.89601pt>
File: figures/SN2013cs_261.pdf Graphic file (type pdf)
<use figures/SN2013cs_261.pdf>
Package pdftex.def Info: figures/SN2013cs_261.pdf  used on input line 624.
(pdftex.def)             Requested size: 128.27936pt x 96.2092pt.
<figures/SN2013cs_303.pdf, id=1080, 462.52798pt x 346.89601pt>
File: figures/SN2013cs_303.pdf Graphic file (type pdf)
<use figures/SN2013cs_303.pdf>
Package pdftex.def Info: figures/SN2013cs_303.pdf  used on input line 624.
(pdftex.def)             Requested size: 128.27936pt x 96.2092pt.

Overfull \hbox (8.22217pt too wide) detected at line 624
 []   []   []   []  
 []

<figures/SN2013dy_333.pdf, id=1081, 462.52798pt x 346.89601pt>
File: figures/SN2013dy_333.pdf Graphic file (type pdf)
<use figures/SN2013dy_333.pdf>
Package pdftex.def Info: figures/SN2013dy_333.pdf  used on input line 629.
(pdftex.def)             Requested size: 128.27936pt x 96.2092pt.
<figures/SN2013gy_275.pdf, id=1082, 462.52798pt x 346.89601pt>
File: figures/SN2013gy_275.pdf Graphic file (type pdf)
<use figures/SN2013gy_275.pdf>
Package pdftex.def Info: figures/SN2013gy_275.pdf  used on input line 629.
(pdftex.def)             Requested size: 128.27936pt x 96.2092pt.
<figures/SN2014J_263.pdf, id=1083, 462.52798pt x 346.89601pt>
File: figures/SN2014J_263.pdf Graphic file (type pdf)
<use figures/SN2014J_263.pdf>
Package pdftex.def Info: figures/SN2014J_263.pdf  used on input line 629.
(pdftex.def)             Requested size: 128.27936pt x 96.2092pt.
<figures/SN2014J_303.pdf, id=1084, 462.52798pt x 346.89601pt>
File: figures/SN2014J_303.pdf Graphic file (type pdf)
<use figures/SN2014J_303.pdf>
Package pdftex.def Info: figures/SN2014J_303.pdf  used on input line 629.
(pdftex.def)             Requested size: 128.27936pt x 96.2092pt.

Overfull \hbox (8.22217pt too wide) detected at line 629
 []   []   []   []  
 []

<figures/SN2014J_349.pdf, id=1085, 462.52798pt x 346.89601pt>
File: figures/SN2014J_349.pdf Graphic file (type pdf)
<use figures/SN2014J_349.pdf>
Package pdftex.def Info: figures/SN2014J_349.pdf  used on input line 637.
(pdftex.def)             Requested size: 128.27936pt x 96.2092pt.
<figures/SN2015F_279.pdf, id=1086, 462.52798pt x 346.89601pt>
File: figures/SN2015F_279.pdf Graphic file (type pdf)
<use figures/SN2015F_279.pdf>
Package pdftex.def Info: figures/SN2015F_279.pdf  used on input line 637.
(pdftex.def)             Requested size: 128.27936pt x 96.2092pt.
<figures/SN2017cbv_318.pdf, id=1087, 462.52798pt x 346.89601pt>
File: figures/SN2017cbv_318.pdf Graphic file (type pdf)
<use figures/SN2017cbv_318.pdf>
Package pdftex.def Info: figures/SN2017cbv_318.pdf  used on input line 637.
(pdftex.def)             Requested size: 128.27936pt x 96.2092pt.
<figures/SN2017fgc_384.pdf, id=1088, 462.52798pt x 346.89601pt>
File: figures/SN2017fgc_384.pdf Graphic file (type pdf)
<use figures/SN2017fgc_384.pdf>
Package pdftex.def Info: figures/SN2017fgc_384.pdf  used on input line 637.
(pdftex.def)             Requested size: 128.27936pt x 96.2092pt.

Overfull \hbox (8.22217pt too wide) detected at line 637
 []   []   []   []  
 []

<figures/SN2018oh_259.pdf, id=1089, 462.52798pt x 346.89601pt>
File: figures/SN2018oh_259.pdf Graphic file (type pdf)
<use figures/SN2018oh_259.pdf>
Package pdftex.def Info: figures/SN2018oh_259.pdf  used on input line 642.
(pdftex.def)             Requested size: 128.27936pt x 96.2092pt.
<figures/SN2019ein_311.pdf, id=1090, 462.52798pt x 346.89601pt>
File: figures/SN2019ein_311.pdf Graphic file (type pdf)
<use figures/SN2019ein_311.pdf>
Package pdftex.def Info: figures/SN2019ein_311.pdf  used on input line 642.
(pdftex.def)             Requested size: 128.27936pt x 96.2092pt.
<figures/SN2019np_303.pdf, id=1091, 462.52798pt x 346.89601pt>
File: figures/SN2019np_303.pdf Graphic file (type pdf)
<use figures/SN2019np_303.pdf>
Package pdftex.def Info: figures/SN2019np_303.pdf  used on input line 642.
(pdftex.def)             Requested size: 128.27936pt x 96.2092pt.
<figures/SN2019np_368.pdf, id=1092, 462.52798pt x 346.89601pt>
File: figures/SN2019np_368.pdf Graphic file (type pdf)
<use figures/SN2019np_368.pdf>
Package pdftex.def Info: figures/SN2019np_368.pdf  used on input line 642.
(pdftex.def)             Requested size: 128.27936pt x 96.2092pt.

Overfull \hbox (8.22217pt too wide) detected at line 642
 []   []   []   []  
 []

<figures/SN2021hpr_250.pdf, id=1093, 462.52798pt x 346.89601pt>
File: figures/SN2021hpr_250.pdf Graphic file (type pdf)
<use figures/SN2021hpr_250.pdf>
Package pdftex.def Info: figures/SN2021hpr_250.pdf  used on input line 647.
(pdftex.def)             Requested size: 128.27936pt x 96.2092pt.
<figures/ASASSN-14jg_222.pdf, id=1094, 462.52798pt x 346.89601pt>
File: figures/ASASSN-14jg_222.pdf Graphic file (type pdf)
<use figures/ASASSN-14jg_222.pdf>
Package pdftex.def Info: figures/ASASSN-14jg_222.pdf  used on input line 647.
(pdftex.def)             Requested size: 128.27936pt x 96.2092pt.
<figures/ASASSN-14jg_268.pdf, id=1095, 462.52798pt x 346.89601pt>
File: figures/ASASSN-14jg_268.pdf Graphic file (type pdf)
<use figures/ASASSN-14jg_268.pdf>
Package pdftex.def Info: figures/ASASSN-14jg_268.pdf  used on input line 647.
(pdftex.def)             Requested size: 128.27936pt x 96.2092pt.
<figures/ASASSN-14jg_325.pdf, id=1096, 462.52798pt x 346.89601pt>
File: figures/ASASSN-14jg_325.pdf Graphic file (type pdf)
<use figures/ASASSN-14jg_325.pdf>
Package pdftex.def Info: figures/ASASSN-14jg_325.pdf  used on input line 647.
(pdftex.def)             Requested size: 128.27936pt x 96.2092pt.

Overfull \hbox (8.22217pt too wide) detected at line 647
 []   []   []   []  
 []

pdfTeX warning (ext4): destination with the same identifier (name{figure.6}) ha
s been already used, duplicate ignored
<to be read again> 
                   \relax 
l.648 ... fit. The continuums are showed in blue.}
                                                  

LaTeX Warning: Command \r invalid in math mode on input line 648.

pdfTeX warning (ext4): destination with the same identifier (name{figure.6}) ha
s been already used, duplicate ignored
<to be read again> 
                   \relax 
l.648 ... fit. The continuums are showed in blue.}
                                                  

LaTeX Warning: Command \r invalid in math mode on input line 648.

[12] [13 <./figures/SN1986G_256.pdf> <./figures/SN1990N_227.pdf> <./figures/SN1
990N_280.pdf> <./figures/SN1990N_305.pdf> <./figures/SN1998bu_237.pdf> <./figur
es/SN1998bu_281.pdf> <./figures/SN1999aa_258.pdf> <./figures/SN2002bo_311.pdf> 
<./figures/SN2003du_219.pdf> <./figures/SN2003gs_207.pdf> <./figures/SN2003hv_3
19.pdf> <./figures/SN2003kf_400.pdf> <./figures/SN2004eo_227.pdf> <./figures/SN
2005cf_317.pdf> <./figures/SN2006X_276.pdf> <./figures/SN2006X_359.pdf> <./figu
res/SN2007af_303.pdf> <./figures/SN2007le_306.pdf> <./figures/SN2008Q_200.pdf> 
<./figures/SN2011by_207.pdf>] [14 <./figures/SN2011by_311.pdf> <./figures/SN201
1fe_203.pdf> <./figures/SN2011fe_224.pdf> <./figures/SN2011fe_309.pdf> <./figur
es/SN2011fe_345.pdf> <./figures/SN2011fe_378.pdf> <./figures/SN2012cg_286.pdf> 
<./figures/SN2012cg_342.pdf> <./figures/SN2012fr_222.pdf> <./figures/SN2012fr_2
61.pdf> <./figures/SN2012fr_340.pdf> <./figures/SN2012fr_367.pdf> <./figures/SN
2012hr_284.pdf> <./figures/SN2013aa_400.pdf> <./figures/SN2013cs_261.pdf> <./fi
gures/SN2013cs_303.pdf> <./figures/SN2013dy_333.pdf> <./figures/SN2013gy_275.pd
f> <./figures/SN2014J_263.pdf> <./figures/SN2014J_303.pdf>] [15 <./figures/SN20
14J_349.pdf> <./figures/SN2015F_279.pdf> <./figures/SN2017cbv_318.pdf> <./figur
es/SN2017fgc_384.pdf> <./figures/SN2018oh_259.pdf> <./figures/SN2019ein_311.pdf
> <./figures/SN2019np_303.pdf> <./figures/SN2019np_368.pdf> <./figures/SN2021hp
r_250.pdf> <./figures/ASASSN-14jg_222.pdf> <./figures/ASASSN-14jg_268.pdf> <./f
igures/ASASSN-14jg_325.pdf>]
Package atveryend Info: Empty hook `AfterLastShipout' on input line 652.
 (./paper.aux)
Package atveryend Info: Executing hook `AtVeryEndDocument' on input line 652.
Package atveryend Info: Executing hook `AtEndAfterFileList' on input line 652.
Package rerunfilecheck Info: File `paper.out' has not changed.
(rerunfilecheck)             Checksum: 26DD79D0E1E9AC6AB1A8AFDC93DDD7FB;1061.
 ) 
Here is how much of TeX's memory you used:
 9413 strings out of 492616
 138205 string characters out of 6129481
 378179 words of memory out of 5000000
 13073 multiletter control sequences out of 15000+600000
 14695 words of font info for 58 fonts, out of 8000000 for 9000
 1141 hyphenation exceptions out of 8191
 35i,10n,37p,3150b,567s stack positions out of 5000i,500n,10000p,200000b,80000s
</usr/local/texlive/2019/texmf-dist/fonts/type1/public/amsfonts/cm/cmbx10.pfb
></usr/local/texlive/2019/texmf-dist/fonts/type1/public/amsfonts/cm/cmbx8.pfb><
/usr/local/texlive/2019/texmf-dist/fonts/type1/public/amsfonts/cm/cmbx9.pfb></u
sr/local/texlive/2019/texmf-dist/fonts/type1/public/amsfonts/cm/cmcsc10.pfb></u
sr/local/texlive/2019/texmf-dist/fonts/type1/public/amsfonts/cm/cmex10.pfb></us
r/local/texlive/2019/texmf-dist/fonts/type1/public/amsfonts/cm/cmmi10.pfb></usr
/local/texlive/2019/texmf-dist/fonts/type1/public/amsfonts/cm/cmmi5.pfb></usr/l
ocal/texlive/2019/texmf-dist/fonts/type1/public/amsfonts/cm/cmmi6.pfb></usr/loc
al/texlive/2019/texmf-dist/fonts/type1/public/amsfonts/cm/cmmi7.pfb></usr/local
/texlive/2019/texmf-dist/fonts/type1/public/amsfonts/cm/cmmi9.pfb></usr/local/t
exlive/2019/texmf-dist/fonts/type1/public/amsfonts/cm/cmr10.pfb></usr/local/tex
live/2019/texmf-dist/fonts/type1/public/amsfonts/cm/cmr5.pfb></usr/local/texliv
e/2019/texmf-dist/fonts/type1/public/amsfonts/cm/cmr6.pfb></usr/local/texlive/2
019/texmf-dist/fonts/type1/public/amsfonts/cm/cmr7.pfb></usr/local/texlive/2019
/texmf-dist/fonts/type1/public/amsfonts/cm/cmr8.pfb></usr/local/texlive/2019/te
xmf-dist/fonts/type1/public/amsfonts/cm/cmr9.pfb></usr/local/texlive/2019/texmf
-dist/fonts/type1/public/amsfonts/cm/cmsy10.pfb></usr/local/texlive/2019/texmf-
dist/fonts/type1/public/amsfonts/cm/cmsy5.pfb></usr/local/texlive/2019/texmf-di
st/fonts/type1/public/amsfonts/cm/cmsy6.pfb></usr/local/texlive/2019/texmf-dist
/fonts/type1/public/amsfonts/cm/cmsy7.pfb></usr/local/texlive/2019/texmf-dist/f
onts/type1/public/amsfonts/cm/cmsy9.pfb></usr/local/texlive/2019/texmf-dist/fon
ts/type1/public/amsfonts/cm/cmti10.pfb></usr/local/texlive/2019/texmf-dist/font
s/type1/public/amsfonts/cm/cmti8.pfb></usr/local/texlive/2019/texmf-dist/fonts/
type1/public/amsfonts/cm/cmti9.pfb></usr/local/texlive/2019/texmf-dist/fonts/ty
pe1/public/amsfonts/symbols/msam10.pfb>
Output written on paper.pdf (15 pages, 2110568 bytes).
PDF statistics:
 3607 PDF objects out of 4296 (max. 8388607)
 956 compressed objects within 10 object streams
 108 named destinations out of 1000 (max. 500000)
 434 words of extra memory for PDF output out of 10000 (max. 10000000)

